train: 3.714283
train: 4.778144
train: 3.140232
train: 6.473671
train: 3.986070
train: 6.137173
train: 5.057822
train: 5.910916
train: 5.452593
train: 6.272614
train: 4.785417
train: 2.946450
train: 3.353828
train: 2.903668
train: 4.046006
train: 3.506729
train: 1.420995
train: 2.315820
train: 2.398421
valid: 95116736.000000
train: 1.795426
train: 1.791927
train: 1.975501
train: 2.553366
train: 2.047454
train: 3.124497
train: 1.923978
train: 2.427345
train: 3.113582
train: 2.199566
train: 1.971867
train: 1.389618
train: 1.779612
train: 2.945534
train: 1.671297
train: 1.218852
train: 0.812646
train: 2.819277
train: 1.380938
valid: 6555971.500000
train: 2.204176
train: 2.013443
train: 1.399544
train: 0.852547
train: 1.047095
train: 1.426050
train: 0.973617
train: 1.158036
train: 1.572295
train: 1.933226
train: 1.665521
train: 0.947680
train: 1.279274
train: 0.990927
train: 1.194447
train: 1.392684
train: 1.157862
train: 1.503891
train: 2.079260
valid: 459721.031250
train: 0.842492
train: 1.328496
train: 1.623319
train: 1.655490
train: 0.678660
train: 1.408581
train: 1.209957
train: 1.436701
train: 1.126682
train: 1.367693
train: 0.904019
train: 1.164618
train: 0.749773
train: 1.107130
train: 0.763647
train: 1.565134
train: 1.179351
train: 0.581237
train: 0.695178
valid: 252863.062500
train: 1.110857
train: 1.055753
train: 1.150256
train: 1.393938
train: 1.800736
train: 1.063430
train: 0.583080
train: 0.803962
train: 0.992550
train: 0.937202
train: 1.473890
train: 1.180644
train: 0.868634
train: 0.813711
train: 1.148117
train: 1.022979
train: 0.889590
train: 0.924073
train: 0.297358
valid: 37272.328125
train: 0.842255
train: 0.817110
train: 1.063895
train: 0.737430
train: 1.070477
train: 1.027850
train: 0.885440
train: 1.182807
train: 1.001924
train: 0.766903
train: 0.930284
train: 1.132801
train: 1.028572
train: 0.942768
train: 0.770527
train: 0.829259
train: 0.708876
train: 0.840399
train: 0.679090
valid: 16728.386719
train: 0.785656
train: 1.260430
train: 1.219349
train: 1.115333
train: 0.955629
train: 0.882724
train: 0.759959
train: 1.141652
train: 0.764348
train: 0.807058
train: 0.838401
train: 0.800374
train: 0.710763
train: 0.840558
train: 0.685088
train: 0.879254
train: 1.060888
train: 0.597235
train: 0.728290
valid: 29822.482422
train: 0.605437
train: 1.162727
train: 1.347481
train: 0.870220
train: 0.618007
train: 0.884152
train: 0.858548
train: 0.780195
train: 0.932305
train: 0.882853
train: 0.848743
train: 0.662306
train: 1.239227
train: 0.857890
train: 0.858402
train: 0.894500
train: 0.967969
train: 0.717142
train: 0.625829
valid: 7686.894043
train: 0.988419
train: 0.913772
train: 0.926908
train: 0.675269
train: 0.578421
train: 0.754008
train: 0.734062
train: 0.683908
train: 0.965195
train: 0.673254
train: 0.769429
train: 0.662024
train: 0.652109
train: 0.937764
train: 0.804647
train: 0.737472
train: 0.763532
train: 0.693665
train: 0.529582
valid: 8097.452637
train: 0.727685
train: 0.706051
train: 0.673019
train: 0.752866
train: 0.772674
train: 0.746783
train: 0.994018
train: 0.772253
train: 0.992259
train: 0.771832
train: 0.686018
train: 0.821140
train: 0.745798
train: 0.838357
train: 0.787083
train: 0.840947
train: 0.710459
train: 0.647177
train: 0.804337
valid: 7144.118652
